Copyright 1986-2022 Xilinx, Inc. All Rights Reserved. Copyright 2022-2023 Advanced Micro Devices, Inc. All Rights Reserved.
---------------------------------------------------------------------------------------------------------------------------------------------
| Tool Version : Vivado v.2023.2 (win64) Build 4029153 Fri Oct 13 20:14:34 MDT 2023
| Date         : Wed May  8 22:13:10 2024
| Host         : Ashen running 64-bit major release  (build 9200)
| Command      : report_control_sets -verbose -file CortexA9_AXI_GPIO_wrapper_control_sets_placed.rpt
| Design       : CortexA9_AXI_GPIO_wrapper
| Device       : xc7z020
---------------------------------------------------------------------------------------------------------------------------------------------

Control Set Information

Table of Contents
-----------------
1. Summary
2. Histogram
3. Flip-Flop Distribution
4. Detailed Control Set Information

1. Summary
----------

+----------------------------------------------------------+-------+
|                          Status                          | Count |
+----------------------------------------------------------+-------+
| Total control sets                                       |    51 |
|    Minimum number of control sets                        |    51 |
|    Addition due to synthesis replication                 |     0 |
|    Addition due to physical synthesis replication        |     0 |
| Unused register locations in slices containing registers |   140 |
+----------------------------------------------------------+-------+
* Control sets can be merged at opt_design using control_set_merge or merge_equivalent_drivers
** Run report_qor_suggestions for automated merging and remapping suggestions


2. Histogram
------------

+--------------------+-------+
|       Fanout       | Count |
+--------------------+-------+
| Total control sets |    51 |
| >= 0 to < 4        |     2 |
| >= 4 to < 6        |    20 |
| >= 6 to < 8        |     1 |
| >= 8 to < 10       |     2 |
| >= 10 to < 12      |     1 |
| >= 12 to < 14      |     6 |
| >= 14 to < 16      |     3 |
| >= 16              |    16 |
+--------------------+-------+
* Control sets can be remapped at either synth_design or opt_design


3. Flip-Flop Distribution
-------------------------

+--------------+-----------------------+------------------------+-----------------+--------------+
| Clock Enable | Synchronous Set/Reset | Asynchronous Set/Reset | Total Registers | Total Slices |
+--------------+-----------------------+------------------------+-----------------+--------------+
| No           | No                    | No                     |             183 |           65 |
| No           | No                    | Yes                    |               0 |            0 |
| No           | Yes                   | No                     |             118 |           44 |
| Yes          | No                    | No                     |             457 |          104 |
| Yes          | No                    | Yes                    |               0 |            0 |
| Yes          | Yes                   | No                     |              94 |           31 |
+--------------+-----------------------+------------------------+-----------------+--------------+


4. Detailed Control Set Information
-----------------------------------

+----------------------------------------------------------+-------------------------------------------------------------------------------------------------------------------------------------------------------------------------+----------------------------------------------------------------------------------------------------------------------------------------------------------------+------------------+----------------+--------------+
|                       Clock Signal                       |                                                                              Enable Signal                                                                              |                                                                        Set/Reset Signal                                                                        | Slice Load Count | Bel Load Count | Bels / Slice |
+----------------------------------------------------------+-------------------------------------------------------------------------------------------------------------------------------------------------------------------------+----------------------------------------------------------------------------------------------------------------------------------------------------------------+------------------+----------------+--------------+
|  CortexA9_AXI_GPIO_i/processing_system7_0/inst/FCLK_CLK0 | CortexA9_AXI_GPIO_i/ps7_0_axi_periph/s00_couplers/auto_pc/inst/gen_axilite.gen_b2s_conv.axilite_b2s/WR.aw_channel_0/aw_cmd_fsm_0/FSM_sequential_state_reg[0]_1          | CortexA9_AXI_GPIO_i/ps7_0_axi_periph/s00_couplers/auto_pc/inst/gen_axilite.gen_b2s_conv.axilite_b2s/WR.aw_channel_0/aw_cmd_fsm_0/FSM_sequential_state_reg[0]_0 |                1 |              1 |         1.00 |
|  CortexA9_AXI_GPIO_i/processing_system7_0/inst/FCLK_CLK0 | CortexA9_AXI_GPIO_i/ps7_0_axi_periph/s00_couplers/auto_pc/inst/gen_axilite.gen_b2s_conv.axilite_b2s/WR.b_channel_0/bid_fifo_0/sel                                       |                                                                                                                                                                |                1 |              2 |         2.00 |
|  CortexA9_AXI_GPIO_i/processing_system7_0/inst/FCLK_CLK0 |                                                                                                                                                                         | CortexA9_AXI_GPIO_i/axi_gpio_btns/U0/AXI_LITE_IPIF_I/I_SLAVE_ATTACHMENT/clear                                                                                  |                1 |              4 |         4.00 |
|  CortexA9_AXI_GPIO_i/processing_system7_0/inst/FCLK_CLK0 | CortexA9_AXI_GPIO_i/axi_gpio_sws/U0/AXI_LITE_IPIF_I/I_SLAVE_ATTACHMENT/bus2ip_addr_i[8]_i_1_n_0                                                                         | CortexA9_AXI_GPIO_i/axi_gpio_sws/U0/AXI_LITE_IPIF_I/I_SLAVE_ATTACHMENT/SR[0]                                                                                   |                1 |              4 |         4.00 |
|  CortexA9_AXI_GPIO_i/processing_system7_0/inst/FCLK_CLK0 | CortexA9_AXI_GPIO_i/axi_gpio_btns/U0/AXI_LITE_IPIF_I/I_SLAVE_ATTACHMENT/I_DECODER/E[0]                                                                                  | CortexA9_AXI_GPIO_i/axi_gpio_btns/U0/AXI_LITE_IPIF_I/I_SLAVE_ATTACHMENT/SR[0]                                                                                  |                1 |              4 |         4.00 |
|  CortexA9_AXI_GPIO_i/processing_system7_0/inst/FCLK_CLK0 |                                                                                                                                                                         | CortexA9_AXI_GPIO_i/axi_gpio_leds/U0/AXI_LITE_IPIF_I/I_SLAVE_ATTACHMENT/clear                                                                                  |                1 |              4 |         4.00 |
|  CortexA9_AXI_GPIO_i/processing_system7_0/inst/FCLK_CLK0 |                                                                                                                                                                         | CortexA9_AXI_GPIO_i/axi_gpio_leds/U0/gpio_core_1/Read_Reg_Rst__0                                                                                               |                2 |              4 |         2.00 |
|  CortexA9_AXI_GPIO_i/processing_system7_0/inst/FCLK_CLK0 | CortexA9_AXI_GPIO_i/axi_gpio_btns/U0/AXI_LITE_IPIF_I/I_SLAVE_ATTACHMENT/bus2ip_addr_i[8]_i_1_n_0                                                                        | CortexA9_AXI_GPIO_i/axi_gpio_btns/U0/AXI_LITE_IPIF_I/I_SLAVE_ATTACHMENT/SR[0]                                                                                  |                2 |              4 |         2.00 |
|  CortexA9_AXI_GPIO_i/processing_system7_0/inst/FCLK_CLK0 |                                                                                                                                                                         | CortexA9_AXI_GPIO_i/ps7_0_axi_periph/s00_couplers/auto_pc/inst/gen_axilite.gen_b2s_conv.axilite_b2s/SI_REG/ar.ar_pipe/aresetn_d_reg[1]_inv_0                   |                3 |              4 |         1.33 |
|  CortexA9_AXI_GPIO_i/processing_system7_0/inst/FCLK_CLK0 | CortexA9_AXI_GPIO_i/axi_gpio_btns/U0/AXI_LITE_IPIF_I/I_SLAVE_ATTACHMENT/start2                                                                                          | CortexA9_AXI_GPIO_i/axi_gpio_btns/U0/AXI_LITE_IPIF_I/I_SLAVE_ATTACHMENT/I_DECODER/cs_ce_clr                                                                    |                1 |              4 |         4.00 |
|  CortexA9_AXI_GPIO_i/processing_system7_0/inst/FCLK_CLK0 |                                                                                                                                                                         | CortexA9_AXI_GPIO_i/axi_gpio_btns/U0/AXI_LITE_IPIF_I/I_SLAVE_ATTACHMENT/I_DECODER/bus2ip_rnw_i_reg                                                             |                1 |              4 |         4.00 |
|  CortexA9_AXI_GPIO_i/processing_system7_0/inst/FCLK_CLK0 |                                                                                                                                                                         | CortexA9_AXI_GPIO_i/axi_gpio_sws/U0/AXI_LITE_IPIF_I/I_SLAVE_ATTACHMENT/clear                                                                                   |                1 |              4 |         4.00 |
|  CortexA9_AXI_GPIO_i/processing_system7_0/inst/FCLK_CLK0 | CortexA9_AXI_GPIO_i/axi_gpio_leds/U0/AXI_LITE_IPIF_I/I_SLAVE_ATTACHMENT/bus2ip_addr_i[8]_i_1_n_0                                                                        | CortexA9_AXI_GPIO_i/axi_gpio_leds/U0/AXI_LITE_IPIF_I/I_SLAVE_ATTACHMENT/SR[0]                                                                                  |                1 |              4 |         4.00 |
|  CortexA9_AXI_GPIO_i/processing_system7_0/inst/FCLK_CLK0 |                                                                                                                                                                         | CortexA9_AXI_GPIO_i/rst_ps7_0_50M/U0/EXT_LPF/lpf_int                                                                                                           |                1 |              4 |         4.00 |
|  CortexA9_AXI_GPIO_i/processing_system7_0/inst/FCLK_CLK0 | CortexA9_AXI_GPIO_i/axi_gpio_leds/U0/AXI_LITE_IPIF_I/I_SLAVE_ATTACHMENT/start2                                                                                          | CortexA9_AXI_GPIO_i/axi_gpio_leds/U0/AXI_LITE_IPIF_I/I_SLAVE_ATTACHMENT/I_DECODER/cs_ce_clr                                                                    |                1 |              4 |         4.00 |
|  CortexA9_AXI_GPIO_i/processing_system7_0/inst/FCLK_CLK0 |                                                                                                                                                                         | CortexA9_AXI_GPIO_i/ps7_0_axi_periph/s00_couplers/auto_pc/inst/gen_axilite.gen_b2s_conv.axilite_b2s/SI_REG/aw.aw_pipe/aresetn_d_reg[0]_0                       |                2 |              4 |         2.00 |
|  CortexA9_AXI_GPIO_i/processing_system7_0/inst/FCLK_CLK0 | CortexA9_AXI_GPIO_i/axi_gpio_sws/U0/AXI_LITE_IPIF_I/I_SLAVE_ATTACHMENT/start2                                                                                           | CortexA9_AXI_GPIO_i/axi_gpio_sws/U0/AXI_LITE_IPIF_I/I_SLAVE_ATTACHMENT/I_DECODER/cs_ce_clr                                                                     |                1 |              4 |         4.00 |
|  CortexA9_AXI_GPIO_i/processing_system7_0/inst/FCLK_CLK0 | CortexA9_AXI_GPIO_i/ps7_0_axi_periph/s00_couplers/auto_pc/inst/gen_axilite.gen_b2s_conv.axilite_b2s/RD.ar_channel_0/ar_cmd_fsm_0/m_axi_arready_2                        | CortexA9_AXI_GPIO_i/ps7_0_axi_periph/s00_couplers/auto_pc/inst/gen_axilite.gen_b2s_conv.axilite_b2s/RD.ar_channel_0/ar_cmd_fsm_0/FSM_sequential_state_reg[1]_0 |                2 |              4 |         2.00 |
|  CortexA9_AXI_GPIO_i/processing_system7_0/inst/FCLK_CLK0 | CortexA9_AXI_GPIO_i/ps7_0_axi_periph/s00_couplers/auto_pc/inst/gen_axilite.gen_b2s_conv.axilite_b2s/RD.r_channel_0/rd_data_fifo_0/cnt_read[4]_i_1__0_n_0                | CortexA9_AXI_GPIO_i/ps7_0_axi_periph/s00_couplers/auto_pc/inst/gen_axilite.gen_b2s_conv.axilite_b2s/areset_d1                                                  |                2 |              5 |         2.50 |
|  CortexA9_AXI_GPIO_i/processing_system7_0/inst/FCLK_CLK0 | CortexA9_AXI_GPIO_i/ps7_0_axi_periph/s00_couplers/auto_pc/inst/gen_axilite.gen_b2s_conv.axilite_b2s/RD.r_channel_0/transaction_fifo_0/cnt_read[4]_i_1_n_0               | CortexA9_AXI_GPIO_i/ps7_0_axi_periph/s00_couplers/auto_pc/inst/gen_axilite.gen_b2s_conv.axilite_b2s/areset_d1                                                  |                2 |              5 |         2.50 |
|  CortexA9_AXI_GPIO_i/processing_system7_0/inst/FCLK_CLK0 | CortexA9_AXI_GPIO_i/axi_gpio_leds/U0/AXI_LITE_IPIF_I/I_SLAVE_ATTACHMENT/s_axi_rresp_i                                                                                   | CortexA9_AXI_GPIO_i/axi_gpio_leds/U0/AXI_LITE_IPIF_I/I_SLAVE_ATTACHMENT/SR[0]                                                                                  |                1 |              5 |         5.00 |
|  CortexA9_AXI_GPIO_i/processing_system7_0/inst/FCLK_CLK0 | CortexA9_AXI_GPIO_i/axi_gpio_btns/U0/AXI_LITE_IPIF_I/I_SLAVE_ATTACHMENT/s_axi_rresp_i                                                                                   | CortexA9_AXI_GPIO_i/axi_gpio_btns/U0/AXI_LITE_IPIF_I/I_SLAVE_ATTACHMENT/SR[0]                                                                                  |                1 |              5 |         5.00 |
|  CortexA9_AXI_GPIO_i/processing_system7_0/inst/FCLK_CLK0 | CortexA9_AXI_GPIO_i/rst_ps7_0_50M/U0/SEQ/seq_cnt_en                                                                                                                     | CortexA9_AXI_GPIO_i/rst_ps7_0_50M/U0/SEQ/SEQ_COUNTER/clear                                                                                                     |                1 |              6 |         6.00 |
|  CortexA9_AXI_GPIO_i/processing_system7_0/inst/FCLK_CLK0 | CortexA9_AXI_GPIO_i/ps7_0_axi_periph/s00_couplers/auto_pc/inst/gen_axilite.gen_b2s_conv.axilite_b2s/WR.b_channel_0/mhandshake_r                                         | CortexA9_AXI_GPIO_i/ps7_0_axi_periph/s00_couplers/auto_pc/inst/gen_axilite.gen_b2s_conv.axilite_b2s/WR.b_channel_0/bid_fifo_0/SR[0]                            |                2 |              8 |         4.00 |
|  CortexA9_AXI_GPIO_i/processing_system7_0/inst/FCLK_CLK0 | CortexA9_AXI_GPIO_i/axi_gpio_leds/U0/AXI_LITE_IPIF_I/I_SLAVE_ATTACHMENT/I_DECODER/E[0]                                                                                  | CortexA9_AXI_GPIO_i/axi_gpio_leds/U0/AXI_LITE_IPIF_I/I_SLAVE_ATTACHMENT/SR[0]                                                                                  |                4 |              8 |         2.00 |
|  CortexA9_AXI_GPIO_i/processing_system7_0/inst/FCLK_CLK0 |                                                                                                                                                                         | CortexA9_AXI_GPIO_i/ps7_0_axi_periph/s00_couplers/auto_pc/inst/gen_axilite.gen_b2s_conv.axilite_b2s/areset_d1                                                  |                6 |             10 |         1.67 |
|  CortexA9_AXI_GPIO_i/processing_system7_0/inst/FCLK_CLK0 | CortexA9_AXI_GPIO_i/ps7_0_axi_periph/s00_couplers/auto_pc/inst/gen_axilite.gen_b2s_conv.axilite_b2s/RD.ar_channel_0/ar_cmd_fsm_0/E[0]                                   |                                                                                                                                                                |                6 |             12 |         2.00 |
|  CortexA9_AXI_GPIO_i/processing_system7_0/inst/FCLK_CLK0 | CortexA9_AXI_GPIO_i/ps7_0_axi_periph/s00_couplers/auto_pc/inst/gen_axilite.gen_b2s_conv.axilite_b2s/WR.aw_channel_0/aw_cmd_fsm_0/m_valid_i_reg[0]                       |                                                                                                                                                                |                3 |             12 |         4.00 |
|  CortexA9_AXI_GPIO_i/processing_system7_0/inst/FCLK_CLK0 | CortexA9_AXI_GPIO_i/ps7_0_axi_periph/s00_couplers/auto_pc/inst/gen_axilite.gen_b2s_conv.axilite_b2s/WR.aw_channel_0/cmd_translator_0/incr_cmd_0/axaddr_incr[11]_i_1_n_0 |                                                                                                                                                                |                3 |             12 |         4.00 |
|  CortexA9_AXI_GPIO_i/processing_system7_0/inst/FCLK_CLK0 | CortexA9_AXI_GPIO_i/ps7_0_axi_periph/s00_couplers/auto_pc/inst/gen_axilite.gen_b2s_conv.axilite_b2s/RD.ar_channel_0/ar_cmd_fsm_0/sel_first_reg[0]                       |                                                                                                                                                                |                2 |             12 |         6.00 |
|  CortexA9_AXI_GPIO_i/processing_system7_0/inst/FCLK_CLK0 |                                                                                                                                                                         | CortexA9_AXI_GPIO_i/ps7_0_axi_periph/xbar/inst/gen_sasd.crossbar_sasd_0/addr_arbiter_inst/SR[0]                                                                |                6 |             13 |         2.17 |
|  CortexA9_AXI_GPIO_i/processing_system7_0/inst/FCLK_CLK0 | CortexA9_AXI_GPIO_i/ps7_0_axi_periph/s00_couplers/auto_pc/inst/gen_axilite.gen_b2s_conv.axilite_b2s/RD.r_channel_0/r_push_r                                             |                                                                                                                                                                |                4 |             13 |         3.25 |
|  CortexA9_AXI_GPIO_i/processing_system7_0/inst/FCLK_CLK0 | CortexA9_AXI_GPIO_i/ps7_0_axi_periph/s00_couplers/auto_pc/inst/gen_axilite.gen_b2s_conv.axilite_b2s/SI_REG/b.b_pipe/s_ready_i_reg_0                                     |                                                                                                                                                                |                3 |             14 |         4.67 |
|  CortexA9_AXI_GPIO_i/processing_system7_0/inst/FCLK_CLK0 | CortexA9_AXI_GPIO_i/ps7_0_axi_periph/s00_couplers/auto_pc/inst/gen_axilite.gen_b2s_conv.axilite_b2s/SI_REG/b.b_pipe/p_1_in                                              |                                                                                                                                                                |                2 |             14 |         7.00 |
|  CortexA9_AXI_GPIO_i/processing_system7_0/inst/FCLK_CLK0 | CortexA9_AXI_GPIO_i/ps7_0_axi_periph/xbar/inst/gen_sasd.crossbar_sasd_0/reg_slice_r/aa_rready                                                                           |                                                                                                                                                                |                6 |             15 |         2.50 |
|  CortexA9_AXI_GPIO_i/processing_system7_0/inst/FCLK_CLK0 | CortexA9_AXI_GPIO_i/ps7_0_axi_periph/s00_couplers/auto_pc/inst/gen_axilite.gen_b2s_conv.axilite_b2s/WR.aw_channel_0/aw_cmd_fsm_0/m_axi_awready_0                        |                                                                                                                                                                |                3 |             16 |         5.33 |
|  CortexA9_AXI_GPIO_i/processing_system7_0/inst/FCLK_CLK0 | CortexA9_AXI_GPIO_i/ps7_0_axi_periph/xbar/inst/gen_sasd.crossbar_sasd_0/addr_arbiter_inst/p_0_in1_in                                                                    | CortexA9_AXI_GPIO_i/ps7_0_axi_periph/xbar/inst/gen_sasd.crossbar_sasd_0/addr_arbiter_inst/SR[0]                                                                |                7 |             19 |         2.71 |
|  CortexA9_AXI_GPIO_i/processing_system7_0/inst/FCLK_CLK0 |                                                                                                                                                                         | CortexA9_AXI_GPIO_i/axi_gpio_leds/U0/AXI_LITE_IPIF_I/I_SLAVE_ATTACHMENT/SR[0]                                                                                  |                7 |             20 |         2.86 |
|  CortexA9_AXI_GPIO_i/processing_system7_0/inst/FCLK_CLK0 |                                                                                                                                                                         | CortexA9_AXI_GPIO_i/axi_gpio_btns/U0/AXI_LITE_IPIF_I/I_SLAVE_ATTACHMENT/SR[0]                                                                                  |                6 |             20 |         3.33 |
|  CortexA9_AXI_GPIO_i/processing_system7_0/inst/FCLK_CLK0 | CortexA9_AXI_GPIO_i/ps7_0_axi_periph/s00_couplers/auto_pc/inst/gen_axilite.gen_b2s_conv.axilite_b2s/RD.ar_channel_0/ar_cmd_fsm_0/m_axi_arready_2                        |                                                                                                                                                                |                9 |             21 |         2.33 |
|  CortexA9_AXI_GPIO_i/processing_system7_0/inst/FCLK_CLK0 |                                                                                                                                                                         | CortexA9_AXI_GPIO_i/axi_gpio_sws/U0/AXI_LITE_IPIF_I/I_SLAVE_ATTACHMENT/SR[0]                                                                                   |                7 |             23 |         3.29 |
|  CortexA9_AXI_GPIO_i/processing_system7_0/inst/FCLK_CLK0 | CortexA9_AXI_GPIO_i/ps7_0_axi_periph/s00_couplers/auto_pc/inst/gen_axilite.gen_b2s_conv.axilite_b2s/WR.aw_channel_0/aw_cmd_fsm_0/FSM_sequential_state_reg[0]_1          |                                                                                                                                                                |               10 |             24 |         2.40 |
|  CortexA9_AXI_GPIO_i/processing_system7_0/inst/FCLK_CLK0 | CortexA9_AXI_GPIO_i/ps7_0_axi_periph/s00_couplers/auto_pc/inst/gen_axilite.gen_b2s_conv.axilite_b2s/RD.r_channel_0/rd_data_fifo_0/wr_en0                                |                                                                                                                                                                |                9 |             34 |         3.78 |
|  CortexA9_AXI_GPIO_i/processing_system7_0/inst/FCLK_CLK0 | CortexA9_AXI_GPIO_i/ps7_0_axi_periph/xbar/inst/gen_sasd.crossbar_sasd_0/addr_arbiter_inst/E[0]                                                                          |                                                                                                                                                                |                8 |             35 |         4.38 |
|  CortexA9_AXI_GPIO_i/processing_system7_0/inst/FCLK_CLK0 | CortexA9_AXI_GPIO_i/ps7_0_axi_periph/s00_couplers/auto_pc/inst/gen_axilite.gen_b2s_conv.axilite_b2s/SI_REG/r.r_pipe/p_1_in                                              |                                                                                                                                                                |                8 |             47 |         5.88 |
|  CortexA9_AXI_GPIO_i/processing_system7_0/inst/FCLK_CLK0 | CortexA9_AXI_GPIO_i/ps7_0_axi_periph/s00_couplers/auto_pc/inst/gen_axilite.gen_b2s_conv.axilite_b2s/SI_REG/r.r_pipe/s_ready_i_reg_0                                     |                                                                                                                                                                |                6 |             47 |         7.83 |
|  CortexA9_AXI_GPIO_i/processing_system7_0/inst/FCLK_CLK0 | CortexA9_AXI_GPIO_i/ps7_0_axi_periph/s00_couplers/auto_pc/inst/gen_axilite.gen_b2s_conv.axilite_b2s/RD.ar_channel_0/ar_cmd_fsm_0/m_valid_i_reg[0]                       |                                                                                                                                                                |               10 |             48 |         4.80 |
|  CortexA9_AXI_GPIO_i/processing_system7_0/inst/FCLK_CLK0 | CortexA9_AXI_GPIO_i/ps7_0_axi_periph/s00_couplers/auto_pc/inst/gen_axilite.gen_b2s_conv.axilite_b2s/WR.aw_channel_0/aw_cmd_fsm_0/E[0]                                   |                                                                                                                                                                |                7 |             48 |         6.86 |
|  CortexA9_AXI_GPIO_i/processing_system7_0/inst/FCLK_CLK0 | CortexA9_AXI_GPIO_i/ps7_0_axi_periph/s00_couplers/auto_pc/inst/gen_axilite.gen_b2s_conv.axilite_b2s/SI_REG/ar.ar_pipe/s_ready_i_reg_0                                   |                                                                                                                                                                |               13 |             48 |         3.69 |
|  CortexA9_AXI_GPIO_i/processing_system7_0/inst/FCLK_CLK0 | CortexA9_AXI_GPIO_i/ps7_0_axi_periph/s00_couplers/auto_pc/inst/gen_axilite.gen_b2s_conv.axilite_b2s/SI_REG/aw.aw_pipe/s_ready_i_reg_0                                   |                                                                                                                                                                |                8 |             48 |         6.00 |
|  CortexA9_AXI_GPIO_i/processing_system7_0/inst/FCLK_CLK0 |                                                                                                                                                                         |                                                                                                                                                                |               66 |            184 |         2.79 |
+----------------------------------------------------------+-------------------------------------------------------------------------------------------------------------------------------------------------------------------------+----------------------------------------------------------------------------------------------------------------------------------------------------------------+------------------+----------------+--------------+


